<!DOCTYPE html>
<html>
<head>
  <meta charset="UTF-8">
  <title>Test Summary</title>
</head>
<body>
  <h1>Test Results Summary</h1>
  <h2>npm run lint</h2>
  <pre>
./src/services/writingEvaluationService.ts
279:22  Error: Unexpected any. Specify a different type.  @typescript-eslint/no-explicit-any
280:24  Error: Unexpected any. Specify a different type.  @typescript-eslint/no-explicit-any
281:23  Error: Unexpected any. Specify a different type.  @typescript-eslint/no-explicit-any

./src/types/quiz.ts
23:20  Error: Unexpected any. Specify a different type.  @typescript-eslint/no-explicit-any
47:20  Error: Unexpected any. Specify a different type.  @typescript-eslint/no-explicit-any

info  - Need to disable some ESLint rules? Learn more here: https://nextjs.org/docs/app/api-reference/config/eslint#disabling-rules
  </pre>
  <h2>npm run typecheck</h2>
  <pre>
      Type 'DragEventHandler<HTMLDivElement>' is not assignable to type '(event: MouseEvent | PointerEvent | TouchEvent, info: PanInfo) => void'.
        Types of parameters 'event' and 'event' are incompatible.
          Type 'MouseEvent | PointerEvent | TouchEvent' is not assignable to type 'DragEvent<HTMLDivElement>'.
            Type 'MouseEvent' is missing the following properties from type 'DragEvent<HTMLDivElement>': dataTransfer, nativeEvent, isDefaultPrevented, isPropagationStopped, persist
src/lib/analytics.ts(106,7): error TS2322: Type 'string | null' is not assignable to type 'string | undefined'.
  Type 'null' is not assignable to type 'string | undefined'.
src/lib/analytics.ts(415,3): error TS2686: 'React' refers to a UMD global, but the current file is a module. Consider adding an import instead.
src/lib/analytics.ts(445,39): error TS2339: Property 'onFID' does not exist on type 'typeof import("/workspace/studio_prep/node_modules/web-vitals/dist/modules/index")'.
src/services/ocrService.ts(168,32): error TS7016: Could not find a declaration file for module 'pdf-parse'. '/workspace/studio_prep/node_modules/pdf-parse/index.js' implicitly has an 'any' type.
  Try `npm i --save-dev @types/pdf-parse` if it exists or add a new declaration (.d.ts) file containing `declare module 'pdf-parse';`
  </pre>
  <h2>npm test</h2>
  <pre>
    You'll find more details and examples of these config options in the docs:
    https://jestjs.io/docs/configuration
    For information about custom transformations, see:
    https://jestjs.io/docs/code-transformation

    Details:

    /workspace/studio_prep/src/components/ui/button.test.tsx:7
            (0, react_1.render)(<button_1.Button>Click me</button_1.Button>);
                                ^

    SyntaxError: Unexpected token '<'

      at Runtime.createScriptFromCode (node_modules/jest-runtime/build/index.js:1505:14)

Test Suites: 1 failed, 1 total
Tests:       0 total
Snapshots:   0 total
Time:        1.366 s
Ran all test suites.
  </pre>
</body>
</html>
